#! /usr/bin/vvp
:ivl_version "10.3 (stable)";
:ivl_delay_selection "TYPICAL";
:vpi_time_precision + 0;
:vpi_module "system";
:vpi_module "vhdl_sys";
:vpi_module "v2005_math";
:vpi_module "va_math";
S_0x561c9cc83100 .scope module, "tb" "tb" 2 1;
 .timescale 0 0;
v0x561c9cccf000_0 .var "clk_i", 0 0;
v0x561c9cccf0c0_0 .var "data_i", 0 0;
v0x561c9cccf190_0 .net "match_o", 0 0, v0x561c9cccecf0_0;  1 drivers
v0x561c9cccf290_0 .var "reset_i", 0 0;
S_0x561c9cc83280 .scope module, "pd0" "fsm" 2 4, 3 1 0, S_0x561c9cc83100;
 .timescale 0 0;
    .port_info 0 /INPUT 1 "clk_i"
    .port_info 1 /INPUT 1 "reset_i"
    .port_info 2 /INPUT 1 "data_i"
    .port_info 3 /OUTPUT 1 "match_o"
P_0x561c9cc96b60 .param/l "IDLE" 0 3 9, C4<0>;
P_0x561c9cc96ba0 .param/l "S1" 0 3 10, C4<1>;
v0x561c9ccbb890_0 .net "clk_i", 0 0, v0x561c9cccf000_0;  1 drivers
v0x561c9ccceb60_0 .var "curr_state", 0 0;
v0x561c9cccec20_0 .net "data_i", 0 0, v0x561c9cccf0c0_0;  1 drivers
v0x561c9cccecf0_0 .var "match_o", 0 0;
v0x561c9cccedb0_0 .var "next_state", 0 0;
v0x561c9ccceec0_0 .net "reset_i", 0 0, v0x561c9cccf290_0;  1 drivers
E_0x561c9ccbc110 .event edge, v0x561c9ccceb60_0, v0x561c9cccec20_0;
E_0x561c9ccbc380/0 .event negedge, v0x561c9ccceec0_0;
E_0x561c9ccbc380/1 .event posedge, v0x561c9ccbb890_0;
E_0x561c9ccbc380 .event/or E_0x561c9ccbc380/0, E_0x561c9ccbc380/1;
    .scope S_0x561c9cc83280;
T_0 ;
    %wait E_0x561c9ccbc380;
    %load/vec4 v0x561c9ccceec0_0;
    %nor/r;
    %flag_set/vec4 8;
    %jmp/0xz  T_0.0, 8;
    %pushi/vec4 0, 0, 1;
    %assign/vec4 v0x561c9ccceb60_0, 0;
    %jmp T_0.1;
T_0.0 ;
    %load/vec4 v0x561c9cccedb0_0;
    %assign/vec4 v0x561c9ccceb60_0, 0;
T_0.1 ;
    %jmp T_0;
    .thread T_0;
    .scope S_0x561c9cc83280;
T_1 ;
    %wait E_0x561c9ccbc110;
    %pushi/vec4 0, 0, 1;
    %store/vec4 v0x561c9cccecf0_0, 0, 1;
    %pushi/vec4 0, 0, 1;
    %store/vec4 v0x561c9cccedb0_0, 0, 1;
    %load/vec4 v0x561c9ccceb60_0;
    %dup/vec4;
    %pushi/vec4 0, 0, 1;
    %cmp/u;
    %jmp/1 T_1.0, 6;
    %dup/vec4;
    %pushi/vec4 1, 0, 1;
    %cmp/u;
    %jmp/1 T_1.1, 6;
    %jmp T_1.2;
T_1.0 ;
    %load/vec4 v0x561c9cccec20_0;
    %flag_set/vec4 8;
    %jmp/0xz  T_1.3, 8;
    %pushi/vec4 1, 0, 1;
    %store/vec4 v0x561c9cccedb0_0, 0, 1;
T_1.3 ;
    %jmp T_1.2;
T_1.1 ;
    %load/vec4 v0x561c9cccec20_0;
    %flag_set/vec4 8;
    %jmp/0xz  T_1.5, 8;
    %pushi/vec4 1, 0, 1;
    %store/vec4 v0x561c9cccedb0_0, 0, 1;
    %jmp T_1.6;
T_1.5 ;
    %pushi/vec4 1, 0, 1;
    %store/vec4 v0x561c9cccecf0_0, 0, 1;
T_1.6 ;
    %jmp T_1.2;
T_1.2 ;
    %pop/vec4 1;
    %jmp T_1;
    .thread T_1, $push;
    .scope S_0x561c9cc83100;
T_2 ;
    %vpi_call 2 7 "$dumpfile", "sample.vcd" {0 0 0};
    %vpi_call 2 8 "$dumpvars" {0 0 0};
    %pushi/vec4 0, 0, 1;
    %store/vec4 v0x561c9cccf000_0, 0, 1;
T_2.0 ;
    %delay 5, 0;
    %load/vec4 v0x561c9cccf000_0;
    %inv;
    %store/vec4 v0x561c9cccf000_0, 0, 1;
    %jmp T_2.0;
    %end;
    .thread T_2;
    .scope S_0x561c9cc83100;
T_3 ;
    %delay 0, 0;
    %pushi/vec4 1, 0, 1;
    %assign/vec4 v0x561c9cccf290_0, 0;
    %delay 5, 0;
    %pushi/vec4 0, 0, 1;
    %assign/vec4 v0x561c9cccf290_0, 0;
    %pushi/vec4 0, 0, 1;
    %assign/vec4 v0x561c9cccf0c0_0, 0;
    %delay 10, 0;
    %pushi/vec4 1, 0, 1;
    %assign/vec4 v0x561c9cccf290_0, 0;
    %delay 10, 0;
    %delay 10, 0;
    %pushi/vec4 0, 0, 1;
    %assign/vec4 v0x561c9cccf0c0_0, 0;
    %delay 10, 0;
    %pushi/vec4 1, 0, 1;
    %assign/vec4 v0x561c9cccf0c0_0, 0;
    %delay 10, 0;
    %pushi/vec4 0, 0, 1;
    %assign/vec4 v0x561c9cccf0c0_0, 0;
    %delay 10, 0;
    %pushi/vec4 0, 0, 1;
    %assign/vec4 v0x561c9cccf0c0_0, 0;
    %delay 10, 0;
    %pushi/vec4 1, 0, 1;
    %assign/vec4 v0x561c9cccf0c0_0, 0;
    %delay 10, 0;
    %pushi/vec4 0, 0, 1;
    %assign/vec4 v0x561c9cccf0c0_0, 0;
    %delay 10, 0;
    %pushi/vec4 1, 0, 1;
    %assign/vec4 v0x561c9cccf0c0_0, 0;
    %delay 10, 0;
    %pushi/vec4 1, 0, 1;
    %assign/vec4 v0x561c9cccf0c0_0, 0;
    %delay 10, 0;
    %pushi/vec4 0, 0, 1;
    %assign/vec4 v0x561c9cccf0c0_0, 0;
    %delay 10, 0;
    %pushi/vec4 1, 0, 1;
    %assign/vec4 v0x561c9cccf0c0_0, 0;
    %delay 20, 0;
    %vpi_call 2 31 "$finish" {0 0 0};
    %end;
    .thread T_3;
# The file index is used to find the file name in the following table.
:file_names 4;
    "N/A";
    "<interactive>";
    "tb_sample.v";
    "../rtl/pattern_detection.v";
